#
# There is insufficient memory for the Java Runtime Environment to continue.
# Native memory allocation (mmap) failed to map 168820736 bytes for committing reserved memory.
# Possible reasons:
#   The system is out of physical RAM or swap space
#   In 32 bit mode, the process size limit was hit
# Possible solutions:
#   Reduce memory load on the system
#   Increase physical memory or swap space
#   Check if swap backing store is full
#   Use 64 bit Java on a 64 bit OS
#   Decrease Java heap size (-Xmx/-Xms)
#   Decrease number of Java threads
#   Decrease Java thread stack sizes (-Xss)
#   Set larger code cache with -XX:ReservedCodeCacheSize=
# This output file may be truncated or incomplete.
#
#  Out of Memory Error (os_linux.cpp:2627), pid=5478, tid=0x00007f21d8efe700
#
# JRE version: Java(TM) SE Runtime Environment (8.0_101-b13) (build 1.8.0_101-b13)
# Java VM: Java HotSpot(TM) 64-Bit Server VM (25.101-b13 mixed mode linux-amd64 compressed oops)
# Failed to write core dump. Core dumps have been disabled. To enable core dumping, try "ulimit -c unlimited" before starting Java again
#

---------------  T H R E A D  ---------------

Current thread (0x00007f21e8078000):  VMThread [stack: 0x00007f21d8dfe000,0x00007f21d8eff000] [id=5514]

Stack: [0x00007f21d8dfe000,0x00007f21d8eff000],  sp=0x00007f21d8efd220,  free space=1020k
Native frames: (J=compiled Java code, j=interpreted, Vv=VM code, C=native code)
V  [libjvm.so+0xac3f0a]  VMError::report_and_die()+0x2ba
V  [libjvm.so+0x4fbf9b]  report_vm_out_of_memory(char const*, int, unsigned long, VMErrorType, char const*)+0x8b
V  [libjvm.so+0x9222d3]  os::Linux::commit_memory_impl(char*, unsigned long, bool)+0x103
V  [libjvm.so+0x922829]  os::pd_commit_memory(char*, unsigned long, unsigned long, bool)+0x29
V  [libjvm.so+0x91cb2a]  os::commit_memory(char*, unsigned long, unsigned long, bool)+0x2a
V  [libjvm.so+0x991053]  PSVirtualSpace::expand_by(unsigned long)+0x53
V  [libjvm.so+0x992458]  PSYoungGen::resize_generation(unsigned long, unsigned long)+0xf8
V  [libjvm.so+0x9915b2]  PSYoungGen::resize(unsigned long, unsigned long)+0x22
V  [libjvm.so+0x98e88b]  PSScavenge::invoke_no_policy()+0xf3b
V  [libjvm.so+0x98f011]  PSScavenge::invoke()+0x41
V  [libjvm.so+0x945fc0]  ParallelScavengeHeap::failed_mem_allocate(unsigned long)+0x70
V  [libjvm.so+0xac5927]  VM_ParallelGCFailedAllocation::doit()+0x97
V  [libjvm.so+0xacd405]  VM_Operation::evaluate()+0x55
V  [libjvm.so+0xacb7da]  VMThread::evaluate_operation(VM_Operation*)+0xba
V  [libjvm.so+0xacbb5e]  VMThread::loop()+0x1ce
V  [libjvm.so+0xacbfd0]  VMThread::run()+0x70
V  [libjvm.so+0x924698]  java_start(Thread*)+0x108

VM_Operation (0x00007f21d1af8b00): ParallelGCFailedAllocation, mode: safepoint, requested by thread 0x00007f21e819c800


---------------  P R O C E S S  ---------------

Java Threads: ( => current thread )
  0x00007f21e819c800 JavaThread "pool-1-thread-4" [_thread_blocked, id=5565, stack(0x00007f21d19fa000,0x00007f21d1afb000)]
  0x00007f21e819b000 JavaThread "pool-1-thread-3" [_thread_blocked, id=5564, stack(0x00007f21d1afb000,0x00007f21d1bfc000)]
  0x00007f21e8199800 JavaThread "pool-1-thread-2" [_thread_blocked, id=5563, stack(0x00007f21d1bfc000,0x00007f21d1cfd000)]
  0x00007f21e818e000 JavaThread "pool-2-thread-1" [_thread_blocked, id=5557, stack(0x00007f21d1cfd000,0x00007f21d1dfe000)]
  0x00007f21e818b800 JavaThread "pool-1-thread-1" [_thread_blocked, id=5553, stack(0x00007f21d1dfe000,0x00007f21d1eff000)]
  0x00007f21e80c8800 JavaThread "Service Thread" daemon [_thread_blocked, id=5543, stack(0x00007f21d8015000,0x00007f21d8116000)]
  0x00007f21e80be000 JavaThread "C1 CompilerThread2" daemon [_thread_blocked, id=5530, stack(0x00007f21d8116000,0x00007f21d8217000)]
  0x00007f21e80bc000 JavaThread "C2 CompilerThread1" daemon [_thread_blocked, id=5528, stack(0x00007f21d8217000,0x00007f21d8318000)]
  0x00007f21e80b9000 JavaThread "C2 CompilerThread0" daemon [_thread_blocked, id=5527, stack(0x00007f21d8318000,0x00007f21d8419000)]
  0x00007f21e80b7800 JavaThread "Signal Dispatcher" daemon [_thread_blocked, id=5526, stack(0x00007f21d8419000,0x00007f21d851a000)]
  0x00007f21e8084800 JavaThread "Finalizer" daemon [_thread_blocked, id=5522, stack(0x00007f21d8bfc000,0x00007f21d8cfd000)]
  0x00007f21e8080000 JavaThread "Reference Handler" daemon [_thread_blocked, id=5519, stack(0x00007f21d8cfd000,0x00007f21d8dfe000)]
  0x00007f21e800a000 JavaThread "main" [_thread_blocked, id=5494, stack(0x00007f21f157c000,0x00007f21f167d000)]

Other Threads:
=>0x00007f21e8078000 VMThread [stack: 0x00007f21d8dfe000,0x00007f21d8eff000] [id=5514]
  0x00007f21e80cb800 WatcherThread [stack: 0x00007f21d1eff000,0x00007f21d2000000] [id=5549]

VM state:at safepoint (normal execution)

VM Mutex/Monitor currently owned by a thread:  ([mutex/lock_event])
[0x00007f21e80064f0] Threads_lock - owner thread: 0x00007f21e8078000
[0x00007f21e80069f0] Heap_lock - owner thread: 0x00007f21e819c800

Heap:
 PSYoungGen      total 132096K, used 5115K [0x00000000eab00000, 0x00000000f3100000, 0x0000000100000000)
  eden space 126976K, 0% used [0x00000000eab00000,0x00000000eab00000,0x00000000f2700000)
  from space 5120K, 99% used [0x00000000f2700000,0x00000000f2bfede8,0x00000000f2c00000)
  to   space 5120K, 0% used [0x00000000f2c00000,0x00000000f2c00000,0x00000000f3100000)
 ParOldGen       total 84992K, used 41462K [0x00000000c0000000, 0x00000000c5300000, 0x00000000eab00000)
  object space 84992K, 48% used [0x00000000c0000000,0x00000000c287d8b0,0x00000000c5300000)
 Metaspace       used 6127K, capacity 7092K, committed 7296K, reserved 1056768K
  class space    used 606K, capacity 620K, committed 640K, reserved 1048576K

Card table byte_map: [0x00007f21ee12b000,0x00007f21ee32c000] byte_map_base: 0x00007f21edb2b000

Marking Bits: (ParMarkBitMap*) 0x00007f21f0a4e120
 Begin Bits: [0x00007f21d2000000, 0x00007f21d3000000)
 End Bits:   [0x00007f21d3000000, 0x00007f21d4000000)

Polling page: 0x00007f21f169d000

CodeCache: size=245760Kb used=6221Kb max_used=6242Kb free=239538Kb
 bounds [0x00007f21d9000000, 0x00007f21d9620000, 0x00007f21e8000000]
 total_blobs=1894 nmethods=1625 adapters=182
 compilation: enabled

Compilation events (10 events):
Event: 11.158 Thread 0x00007f21e80be000 nmethod 2016 0x00007f21d960b710 code [0x00007f21d960b860, 0x00007f21d960b9b0]
Event: 11.158 Thread 0x00007f21e80be000 2012       2       com.android.dx.rop.type.Type::asUninitialized (140 bytes)
Event: 11.171 Thread 0x00007f21e80be000 nmethod 2012 0x00007f21d960ba50 code [0x00007f21d960bcc0, 0x00007f21d960c758]
Event: 11.194 Thread 0x00007f21e80be000 2017       3       com.android.dx.ssa.PhiInsn::predBlocksForReg (73 bytes)
Event: 11.254 Thread 0x00007f21e80be000 nmethod 2017 0x00007f21d960ce90 code [0x00007f21d960d120, 0x00007f21d960e178]
Event: 12.356 Thread 0x00007f21e80be000 2018 %     3       com.android.dx.ssa.SsaBasicBlock::replaceSuccessor @ 37 (125 bytes)
Event: 12.704 Thread 0x00007f21e80bc000 nmethod 1926 0x00007f21d9612b10 code [0x00007f21d9612de0, 0x00007f21d9613f90]
Event: 12.704 Thread 0x00007f21e80bc000 1952       4       java.util.HashMap::putVal (300 bytes)
Event: 12.718 Thread 0x00007f21e80b9000 nmethod 1682 0x00007f21d9619550 code [0x00007f21d9619960, 0x00007f21d961c060]
Event: 12.718 Thread 0x00007f21e80b9000 1300       4       com.android.dx.ssa.SsaMethod::updateOneDefinition (70 bytes)

GC Heap History (9 events):
Event: 3.607 GC heap before
{Heap before GC invocations=1 (full 0):
 PSYoungGen      total 36864K, used 31744K [0x00000000eab00000, 0x00000000ed400000, 0x0000000100000000)
  eden space 31744K, 100% used [0x00000000eab00000,0x00000000eca00000,0x00000000eca00000)
  from space 5120K, 0% used [0x00000000ecf00000,0x00000000ecf00000,0x00000000ed400000)
  to   space 5120K, 0% used [0x00000000eca00000,0x00000000eca00000,0x00000000ecf00000)
 ParOldGen       total 84992K, used 0K [0x00000000c0000000, 0x00000000c5300000, 0x00000000eab00000)
  object space 84992K, 0% used [0x00000000c0000000,0x00000000c0000000,0x00000000c5300000)
 Metaspace       used 5666K, capacity 6768K, committed 7040K, reserved 1056768K
  class space    used 586K, capacity 616K, committed 640K, reserved 1048576K
Event: 3.703 GC heap after
Heap after GC invocations=1 (full 0):
 PSYoungGen      total 36864K, used 5111K [0x00000000eab00000, 0x00000000ef300000, 0x0000000100000000)
  eden space 31744K, 0% used [0x00000000eab00000,0x00000000eab00000,0x00000000eca00000)
  from space 5120K, 99% used [0x00000000eca00000,0x00000000ecefdc98,0x00000000ecf00000)
  to   space 5120K, 0% used [0x00000000eee00000,0x00000000eee00000,0x00000000ef300000)
 ParOldGen       total 84992K, used 1727K [0x00000000c0000000, 0x00000000c5300000, 0x00000000eab00000)
  object space 84992K, 2% used [0x00000000c0000000,0x00000000c01afde0,0x00000000c5300000)
 Metaspace       used 5666K, capacity 6768K, committed 7040K, reserved 1056768K
  class space    used 586K, capacity 616K, committed 640K, reserved 1048576K
}
Event: 5.291 GC heap before
{Heap before GC invocations=2 (full 0):
 PSYoungGen      total 36864K, used 36855K [0x00000000eab00000, 0x00000000ef300000, 0x0000000100000000)
  eden space 31744K, 100% used [0x00000000eab00000,0x00000000eca00000,0x00000000eca00000)
  from space 5120K, 99% used [0x00000000eca00000,0x00000000ecefdc98,0x00000000ecf00000)
  to   space 5120K, 0% used [0x00000000eee00000,0x00000000eee00000,0x00000000ef300000)
 ParOldGen       total 84992K, used 1727K [0x00000000c0000000, 0x00000000c5300000, 0x00000000eab00000)
  object space 84992K, 2% used [0x00000000c0000000,0x00000000c01afde0,0x00000000c5300000)
 Metaspace       used 5726K, capacity 6832K, committed 7040K, reserved 1056768K
  class space    used 586K, capacity 616K, committed 640K, reserved 1048576K
Event: 5.465 GC heap after
Heap after GC invocations=2 (full 0):
 PSYoungGen      total 68608K, used 5110K [0x00000000eab00000, 0x00000000ef300000, 0x0000000100000000)
  eden space 63488K, 0% used [0x00000000eab00000,0x00000000eab00000,0x00000000ee900000)
  from space 5120K, 99% used [0x00000000eee00000,0x00000000ef2fdb98,0x00000000ef300000)
  to   space 5120K, 0% used [0x00000000ee900000,0x00000000ee900000,0x00000000eee00000)
 ParOldGen       total 84992K, used 5954K [0x00000000c0000000, 0x00000000c5300000, 0x00000000eab00000)
  object space 84992K, 7% used [0x00000000c0000000,0x00000000c05d0bf8,0x00000000c5300000)
 Metaspace       used 5726K, capacity 6832K, committed 7040K, reserved 1056768K
  class space    used 586K, capacity 616K, committed 640K, reserved 1048576K
}
Event: 7.503 GC heap before
{Heap before GC invocations=3 (full 0):
 PSYoungGen      total 68608K, used 68598K [0x00000000eab00000, 0x00000000ef300000, 0x0000000100000000)
  eden space 63488K, 100% used [0x00000000eab00000,0x00000000ee900000,0x00000000ee900000)
  from space 5120K, 99% used [0x00000000eee00000,0x00000000ef2fdb98,0x00000000ef300000)
  to   space 5120K, 0% used [0x00000000ee900000,0x00000000ee900000,0x00000000eee00000)
 ParOldGen       total 84992K, used 5954K [0x00000000c0000000, 0x00000000c5300000, 0x00000000eab00000)
  object space 84992K, 7% used [0x00000000c0000000,0x00000000c05d0bf8,0x00000000c5300000)
 Metaspace       used 5852K, capacity 6960K, committed 7040K, reserved 1056768K
  class space    used 586K, capacity 616K, committed 640K, reserved 1048576K
Event: 7.698 GC heap after
Heap after GC invocations=3 (full 0):
 PSYoungGen      total 68608K, used 5090K [0x00000000eab00000, 0x00000000f3100000, 0x0000000100000000)
  eden space 63488K, 0% used [0x00000000eab00000,0x00000000eab00000,0x00000000ee900000)
  from space 5120K, 99% used [0x00000000ee900000,0x00000000eedf8908,0x00000000eee00000)
  to   space 5120K, 0% used [0x00000000f2c00000,0x00000000f2c00000,0x00000000f3100000)
 ParOldGen       total 84992K, used 15044K [0x00000000c0000000, 0x00000000c5300000, 0x00000000eab00000)
  object space 84992K, 17% used [0x00000000c0000000,0x00000000c0eb1218,0x00000000c5300000)
 Metaspace       used 5852K, capacity 6960K, committed 7040K, reserved 1056768K
  class space    used 586K, capacity 616K, committed 640K, reserved 1048576K
}
Event: 8.924 GC heap before
{Heap before GC invocations=4 (full 0):
 PSYoungGen      total 68608K, used 68578K [0x00000000eab00000, 0x00000000f3100000, 0x0000000100000000)
  eden space 63488K, 100% used [0x00000000eab00000,0x00000000ee900000,0x00000000ee900000)
  from space 5120K, 99% used [0x00000000ee900000,0x00000000eedf8908,0x00000000eee00000)
  to   space 5120K, 0% used [0x00000000f2c00000,0x00000000f2c00000,0x00000000f3100000)
 ParOldGen       total 84992K, used 15044K [0x00000000c0000000, 0x00000000c5300000, 0x00000000eab00000)
  object space 84992K, 17% used [0x00000000c0000000,0x00000000c0eb1218,0x00000000c5300000)
 Metaspace       used 6042K, capacity 7028K, committed 7296K, reserved 1056768K
  class space    used 606K, capacity 620K, committed 640K, reserved 1048576K
Event: 9.172 GC heap after
Heap after GC invocations=4 (full 0):
 PSYoungGen      total 132096K, used 5105K [0x00000000eab00000, 0x00000000f3100000, 0x0000000100000000)
  eden space 126976K, 0% used [0x00000000eab00000,0x00000000eab00000,0x00000000f2700000)
  from space 5120K, 99% used [0x00000000f2c00000,0x00000000f30fc4b8,0x00000000f3100000)
  to   space 5120K, 0% used [0x00000000f2700000,0x00000000f2700000,0x00000000f2c00000)
 ParOldGen       total 84992K, used 23838K [0x00000000c0000000, 0x00000000c5300000, 0x00000000eab00000)
  object space 84992K, 28% used [0x00000000c0000000,0x00000000c1747af0,0x00000000c5300000)
 Metaspace       used 6042K, capacity 7028K, committed 7296K, reserved 1056768K
  class space    used 606K, capacity 620K, committed 640K, reserved 1048576K
}
Event: 14.520 GC heap before
{Heap before GC invocations=5 (full 0):
 PSYoungGen      total 132096K, used 132081K [0x00000000eab00000, 0x00000000f3100000, 0x0000000100000000)
  eden space 126976K, 100% used [0x00000000eab00000,0x00000000f2700000,0x00000000f2700000)
  from space 5120K, 99% used [0x00000000f2c00000,0x00000000f30fc4b8,0x00000000f3100000)
  to   space 5120K, 0% used [0x00000000f2700000,0x00000000f2700000,0x00000000f2c00000)
 ParOldGen       total 84992K, used 23838K [0x00000000c0000000, 0x00000000c5300000, 0x00000000eab00000)
  object space 84992K, 28% used [0x00000000c0000000,0x00000000c1747af0,0x00000000c5300000)
 Metaspace       used 6127K, capacity 7092K, committed 7296K, reserved 1056768K
  class space    used 606K, capacity 620K, committed 640K, reserved 1048576K

Deoptimization events (10 events):
Event: 4.769 Thread 0x00007f21e800a000 Uncommon trap: reason=unstable_if action=reinterpret pc=0x00007f21d91d5260 method=java.util.HashMap.getNode(ILjava/lang/Object;)Ljava/util/HashMap$Node; @ 62
Event: 4.769 Thread 0x00007f21e800a000 Uncommon trap: reason=bimorphic action=maybe_recompile pc=0x00007f21d92229d0 method=java.util.HashMap.getNode(ILjava/lang/Object;)Ljava/util/HashMap$Node; @ 126
Event: 4.769 Thread 0x00007f21e800a000 Uncommon trap: reason=bimorphic action=maybe_recompile pc=0x00007f21d92229d0 method=java.util.HashMap.getNode(ILjava/lang/Object;)Ljava/util/HashMap$Node; @ 126
Event: 4.770 Thread 0x00007f21e800a000 Uncommon trap: reason=bimorphic action=maybe_recompile pc=0x00007f21d92229d0 method=java.util.HashMap.getNode(ILjava/lang/Object;)Ljava/util/HashMap$Node; @ 126
Event: 4.770 Thread 0x00007f21e800a000 Uncommon trap: reason=bimorphic action=maybe_recompile pc=0x00007f21d92229d0 method=java.util.HashMap.getNode(ILjava/lang/Object;)Ljava/util/HashMap$Node; @ 126
Event: 4.770 Thread 0x00007f21e800a000 Uncommon trap: reason=unstable_if action=reinterpret pc=0x00007f21d923425c method=com.android.dx.rop.cst.Constant.compareTo(Lcom/android/dx/rop/cst/Constant;)I @ 12
Event: 6.689 Thread 0x00007f21e818b800 Uncommon trap: reason=unstable_if action=reinterpret pc=0x00007f21d939dbc8 method=com.android.dx.ssa.SsaRenamer$BlockRenamer.visitMoveInsn(Lcom/android/dx/ssa/NormalSsaInsn;)V @ 104
Event: 7.998 Thread 0x00007f21e8199800 Uncommon trap: reason=unstable_if action=reinterpret pc=0x00007f21d92adcbc method=java.util.HashMap.putVal(ILjava/lang/Object;Ljava/lang/Object;ZZ)Ljava/lang/Object; @ 162
Event: 8.014 Thread 0x00007f21e818b800 Uncommon trap: reason=unstable_if action=reinterpret pc=0x00007f21d93c38ac method=java.util.HashMap.getNode(ILjava/lang/Object;)Ljava/util/HashMap$Node; @ 84
Event: 8.174 Thread 0x00007f21e800a000 Uncommon trap: reason=unstable_if action=reinterpret pc=0x00007f21d93bb488 method=com.android.dx.dex.code.OutputFinisher.hasLocalInfo(Lcom/android/dx/dex/code/DalvInsn;)Z @ 24

Internal exceptions (6 events):
Event: 0.136 Thread 0x00007f21e800a000 Exception <a 'java/lang/NoSuchMethodError': Method sun.misc.Unsafe.defineClass(Ljava/lang/String;[BII)Ljava/lang/Class; name or signature does not match> (0x00000000eab07cc0) thrown at [/HUDSON3/workspace/8-2-build-linux-amd64/jdk8u101/7261/hotspot/src/sh
Event: 0.136 Thread 0x00007f21e800a000 Exception <a 'java/lang/NoSuchMethodError': Method sun.misc.Unsafe.prefetchRead(Ljava/lang/Object;J)V name or signature does not match> (0x00000000eab07fa8) thrown at [/HUDSON3/workspace/8-2-build-linux-amd64/jdk8u101/7261/hotspot/src/share/vm/prims/jni.c
Event: 3.772 Thread 0x00007f21e800a000 Implicit null exception at 0x00007f21d92b6992 to 0x00007f21d92b984d
Event: 8.011 Thread 0x00007f21e8199800 Exception <a 'java/lang/ArrayIndexOutOfBoundsException': 18> (0x00000000eba0eea0) thrown at [/HUDSON3/workspace/8-2-build-linux-amd64/jdk8u101/7261/hotspot/src/share/vm/interpreter/interpreterRuntime.cpp, line 366]
Event: 8.012 Thread 0x00007f21e8199800 Exception <a 'java/lang/ArrayIndexOutOfBoundsException': 145> (0x00000000eba10a20) thrown at [/HUDSON3/workspace/8-2-build-linux-amd64/jdk8u101/7261/hotspot/src/share/vm/interpreter/interpreterRuntime.cpp, line 366]
Event: 8.013 Thread 0x00007f21e8199800 Exception <a 'java/lang/ArrayIndexOutOfBoundsException': 40> (0x00000000eba11d08) thrown at [/HUDSON3/workspace/8-2-build-linux-amd64/jdk8u101/7261/hotspot/src/share/vm/interpreter/interpreterRuntime.cpp, line 366]

Events (10 events):
Event: 10.988 Thread 0x00007f21e8199800 DEOPT UNPACKING pc=0x00007f21d9047633 sp=0x00007f21d1cfade0 mode 0
Event: 11.117 Thread 0x00007f21e8199800 DEOPT PACKING pc=0x00007f21d91e8379 sp=0x00007f21d1cfb000
Event: 11.117 Thread 0x00007f21e8199800 DEOPT UNPACKING pc=0x00007f21d9047633 sp=0x00007f21d1cfad50 mode 0
Event: 11.120 Thread 0x00007f21e818b800 DEOPT PACKING pc=0x00007f21d9450377 sp=0x00007f21d1efcf10
Event: 11.120 Thread 0x00007f21e818b800 DEOPT UNPACKING pc=0x00007f21d9047633 sp=0x00007f21d1efcca8 mode 0
Event: 11.240 Thread 0x00007f21e800a000 DEOPT PACKING pc=0x00007f21d94a62b4 sp=0x00007f21f167a7a0
Event: 11.240 Thread 0x00007f21e800a000 DEOPT UNPACKING pc=0x00007f21d9047633 sp=0x00007f21f167a560 mode 0
Event: 12.248 Thread 0x00007f21e818b800 DEOPT PACKING pc=0x00007f21d935782c sp=0x00007f21d1efd030
Event: 12.689 Thread 0x00007f21e818b800 DEOPT UNPACKING pc=0x00007f21d9047633 sp=0x00007f21d1efcd30 mode 0
Event: 12.831 Executing VM operation: ParallelGCFailedAllocation


Dynamic libraries:
00400000-00401000 r-xp 00000000 08:02 239483                             /usr/lib/jvm/java-8-oracle/bin/java
00600000-00601000 rw-p 00000000 08:02 239483                             /usr/lib/jvm/java-8-oracle/bin/java
01a36000-01a57000 rw-p 00000000 00:00 0                                  [heap]
c0000000-c5300000 rw-p 00000000 00:00 0 
c5300000-eab00000 ---p 00000000 00:00 0 
eab00000-f3100000 rw-p 00000000 00:00 0 
fd200000-100000000 ---p 00000000 00:00 0 
100000000-1000a0000 rw-p 00000000 00:00 0 
1000a0000-140000000 ---p 00000000 00:00 0 
7f218c000000-7f218c021000 rw-p 00000000 00:00 0 
7f218c021000-7f2190000000 ---p 00000000 00:00 0 
7f2190000000-7f2190021000 rw-p 00000000 00:00 0 
7f2190021000-7f2194000000 ---p 00000000 00:00 0 
7f2194000000-7f2194021000 rw-p 00000000 00:00 0 
7f2194021000-7f2198000000 ---p 00000000 00:00 0 
7f2198000000-7f2198038000 rw-p 00000000 00:00 0 
7f2198038000-7f219c000000 ---p 00000000 00:00 0 
7f219c000000-7f219c021000 rw-p 00000000 00:00 0 
7f219c021000-7f21a0000000 ---p 00000000 00:00 0 
7f21a0000000-7f21a0028000 rw-p 00000000 00:00 0 
7f21a0028000-7f21a4000000 ---p 00000000 00:00 0 
7f21a4000000-7f21a46d5000 rw-p 00000000 00:00 0 
7f21a46d5000-7f21a8000000 ---p 00000000 00:00 0 
7f21a8000000-7f21a8021000 rw-p 00000000 00:00 0 
7f21a8021000-7f21ac000000 ---p 00000000 00:00 0 
7f21ac000000-7f21ac631000 rw-p 00000000 00:00 0 
7f21ac631000-7f21b0000000 ---p 00000000 00:00 0 
7f21b0000000-7f21b0593000 rw-p 00000000 00:00 0 
7f21b0593000-7f21b4000000 ---p 00000000 00:00 0 
7f21b4000000-7f21b4021000 rw-p 00000000 00:00 0 
7f21b4021000-7f21b8000000 ---p 00000000 00:00 0 
7f21b8000000-7f21b8021000 rw-p 00000000 00:00 0 
7f21b8021000-7f21bc000000 ---p 00000000 00:00 0 
7f21bc000000-7f21bc295000 rw-p 00000000 00:00 0 
7f21bc295000-7f21c0000000 ---p 00000000 00:00 0 
7f21c0000000-7f21c0021000 rw-p 00000000 00:00 0 
7f21c0021000-7f21c4000000 ---p 00000000 00:00 0 
7f21c4000000-7f21c4021000 rw-p 00000000 00:00 0 
7f21c4021000-7f21c8000000 ---p 00000000 00:00 0 
7f21c8000000-7f21c8021000 rw-p 00000000 00:00 0 
7f21c8021000-7f21cc000000 ---p 00000000 00:00 0 
7f21cc000000-7f21cc021000 rw-p 00000000 00:00 0 
7f21cc021000-7f21d0000000 ---p 00000000 00:00 0 
7f21d19fa000-7f21d19fd000 ---p 00000000 00:00 0 
7f21d19fd000-7f21d1afb000 rw-p 00000000 00:00 0 
7f21d1afb000-7f21d1afe000 ---p 00000000 00:00 0 
7f21d1afe000-7f21d1bfc000 rw-p 00000000 00:00 0 
7f21d1bfc000-7f21d1bff000 ---p 00000000 00:00 0 
7f21d1bff000-7f21d1cfd000 rw-p 00000000 00:00 0 
7f21d1cfd000-7f21d1d00000 ---p 00000000 00:00 0 
7f21d1d00000-7f21d1dfe000 rw-p 00000000 00:00 0 
7f21d1dfe000-7f21d1e01000 ---p 00000000 00:00 0 
7f21d1e01000-7f21d1eff000 rw-p 00000000 00:00 0 
7f21d1eff000-7f21d1f00000 ---p 00000000 00:00 0 
7f21d1f00000-7f21d4000000 rw-p 00000000 00:00 0 
7f21d4000000-7f21d4021000 rw-p 00000000 00:00 0 
7f21d4021000-7f21d8000000 ---p 00000000 00:00 0 
7f21d8015000-7f21d8018000 ---p 00000000 00:00 0 
7f21d8018000-7f21d8116000 rw-p 00000000 00:00 0 
7f21d8116000-7f21d8119000 ---p 00000000 00:00 0 
7f21d8119000-7f21d8217000 rw-p 00000000 00:00 0 
7f21d8217000-7f21d821a000 ---p 00000000 00:00 0 
7f21d821a000-7f21d8318000 rw-p 00000000 00:00 0 
7f21d8318000-7f21d831b000 ---p 00000000 00:00 0 
7f21d831b000-7f21d8419000 rw-p 00000000 00:00 0 
7f21d8419000-7f21d841c000 ---p 00000000 00:00 0 
7f21d841c000-7f21d851a000 rw-p 00000000 00:00 0 
7f21d851a000-7f21d8bfc000 r--p 00000000 08:02 59247                      /usr/lib/locale/locale-archive
7f21d8bfc000-7f21d8bff000 ---p 00000000 00:00 0 
7f21d8bff000-7f21d8cfd000 rw-p 00000000 00:00 0 
7f21d8cfd000-7f21d8d00000 ---p 00000000 00:00 0 
7f21d8d00000-7f21d8dfe000 rw-p 00000000 00:00 0 
7f21d8dfe000-7f21d8dff000 ---p 00000000 00:00 0 
7f21d8dff000-7f21d9000000 rw-p 00000000 00:00 0 
7f21d9000000-7f21d9620000 rwxp 00000000 00:00 0 
7f21d9620000-7f21e8000000 ---p 00000000 00:00 0 
7f21e8000000-7f21e839d000 rw-p 00000000 00:00 0 
7f21e839d000-7f21ec000000 ---p 00000000 00:00 0 
7f21ec0b9000-7f21ec0c2000 r--s 0008c000 08:02 3910760                    /home/ankit/Desktop/Assign-Task/app/build/intermediates/exploded-aar/com.android.support/appcompat-v7/23.4.0/jars/classes.jar
7f21ec0c2000-7f21ecf82000 rw-p 00000000 00:00 0 
7f21ecf82000-7f21ed15b000 r--s 03d29000 08:02 239567                     /usr/lib/jvm/java-8-oracle/jre/lib/rt.jar
7f21ed15b000-7f21ed851000 rw-p 00000000 00:00 0 
7f21ed851000-7f21ed9d1000 ---p 00000000 00:00 0 
7f21ed9d1000-7f21edbd1000 rw-p 00000000 00:00 0 
7f21edbd1000-7f21edbd2000 ---p 00000000 00:00 0 
7f21edbd2000-7f21edcd2000 rw-p 00000000 00:00 0 
7f21edcd2000-7f21edcd3000 ---p 00000000 00:00 0 
7f21edcd3000-7f21eddd3000 rw-p 00000000 00:00 0 
7f21eddd3000-7f21eddd4000 ---p 00000000 00:00 0 
7f21eddd4000-7f21eded4000 rw-p 00000000 00:00 0 
7f21eded4000-7f21eded5000 ---p 00000000 00:00 0 
7f21eded5000-7f21edfff000 rw-p 00000000 00:00 0 
7f21edfff000-7f21ee12b000 ---p 00000000 00:00 0 
7f21ee12b000-7f21ee155000 rw-p 00000000 00:00 0 
7f21ee155000-7f21ee280000 ---p 00000000 00:00 0 
7f21ee280000-7f21ee2c4000 rw-p 00000000 00:00 0 
7f21ee2c4000-7f21ee32b000 ---p 00000000 00:00 0 
7f21ee32b000-7f21ee345000 rw-p 00000000 00:00 0 
7f21ee345000-7f21ee6ec000 ---p 00000000 00:00 0 
7f21ee6ec000-7f21ee706000 r-xp 00000000 08:02 253986                     /usr/lib/jvm/java-8-oracle/jre/lib/amd64/libzip.so
7f21ee706000-7f21ee906000 ---p 0001a000 08:02 253986                     /usr/lib/jvm/java-8-oracle/jre/lib/amd64/libzip.so
7f21ee906000-7f21ee907000 rw-p 0001a000 08:02 253986                     /usr/lib/jvm/java-8-oracle/jre/lib/amd64/libzip.so
7f21ee907000-7f21ee911000 r-xp 00000000 08:02 2621662                    /lib/x86_64-linux-gnu/libnss_files-2.21.so
7f21ee911000-7f21eeb11000 ---p 0000a000 08:02 2621662                    /lib/x86_64-linux-gnu/libnss_files-2.21.so
7f21eeb11000-7f21eeb12000 r--p 0000a000 08:02 2621662                    /lib/x86_64-linux-gnu/libnss_files-2.21.so
7f21eeb12000-7f21eeb13000 rw-p 0000b000 08:02 2621662                    /lib/x86_64-linux-gnu/libnss_files-2.21.so
7f21eeb13000-7f21eeb1e000 r-xp 00000000 08:02 2623427                    /lib/x86_64-linux-gnu/libnss_nis-2.21.so
7f21eeb1e000-7f21eed1d000 ---p 0000b000 08:02 2623427                    /lib/x86_64-linux-gnu/libnss_nis-2.21.so
7f21eed1d000-7f21eed1e000 r--p 0000a000 08:02 2623427                    /lib/x86_64-linux-gnu/libnss_nis-2.21.so
7f21eed1e000-7f21eed1f000 rw-p 0000b000 08:02 2623427                    /lib/x86_64-linux-gnu/libnss_nis-2.21.so
7f21eed1f000-7f21eed36000 r-xp 00000000 08:02 2623430                    /lib/x86_64-linux-gnu/libnsl-2.21.so
7f21eed36000-7f21eef35000 ---p 00017000 08:02 2623430                    /lib/x86_64-linux-gnu/libnsl-2.21.so
7f21eef35000-7f21eef36000 r--p 00016000 08:02 2623430                    /lib/x86_64-linux-gnu/libnsl-2.21.so
7f21eef36000-7f21eef37000 rw-p 00017000 08:02 2623430                    /lib/x86_64-linux-gnu/libnsl-2.21.so
7f21eef37000-7f21eef39000 rw-p 00000000 00:00 0 
7f21eef39000-7f21eef41000 r-xp 00000000 08:02 2622662                    /lib/x86_64-linux-gnu/libnss_compat-2.21.so
7f21eef41000-7f21ef140000 ---p 00008000 08:02 2622662                    /lib/x86_64-linux-gnu/libnss_compat-2.21.so
7f21ef140000-7f21ef141000 r--p 00007000 08:02 2622662                    /lib/x86_64-linux-gnu/libnss_compat-2.21.so
7f21ef141000-7f21ef142000 rw-p 00008000 08:02 2622662                    /lib/x86_64-linux-gnu/libnss_compat-2.21.so
7f21ef142000-7f21ef16c000 r-xp 00000000 08:02 254012                     /usr/lib/jvm/java-8-oracle/jre/lib/amd64/libjava.so
7f21ef16c000-7f21ef36c000 ---p 0002a000 08:02 254012                     /usr/lib/jvm/java-8-oracle/jre/lib/amd64/libjava.so
7f21ef36c000-7f21ef36e000 rw-p 0002a000 08:02 254012                     /usr/lib/jvm/java-8-oracle/jre/lib/amd64/libjava.so
7f21ef36e000-7f21ef37b000 r-xp 00000000 08:02 253966                     /usr/lib/jvm/java-8-oracle/jre/lib/amd64/libverify.so
7f21ef37b000-7f21ef57b000 ---p 0000d000 08:02 253966                     /usr/lib/jvm/java-8-oracle/jre/lib/amd64/libverify.so
7f21ef57b000-7f21ef57d000 rw-p 0000d000 08:02 253966                     /usr/lib/jvm/java-8-oracle/jre/lib/amd64/libverify.so
7f21ef57d000-7f21ef584000 r-xp 00000000 08:02 2621663                    /lib/x86_64-linux-gnu/librt-2.21.so
7f21ef584000-7f21ef783000 ---p 00007000 08:02 2621663                    /lib/x86_64-linux-gnu/librt-2.21.so
7f21ef783000-7f21ef784000 r--p 00006000 08:02 2621663                    /lib/x86_64-linux-gnu/librt-2.21.so
7f21ef784000-7f21ef785000 rw-p 00007000 08:02 2621663                    /lib/x86_64-linux-gnu/librt-2.21.so
7f21ef785000-7f21ef88c000 r-xp 00000000 08:02 2623271                    /lib/x86_64-linux-gnu/libm-2.21.so
7f21ef88c000-7f21efa8b000 ---p 00107000 08:02 2623271                    /lib/x86_64-linux-gnu/libm-2.21.so
7f21efa8b000-7f21efa8c000 r--p 00106000 08:02 2623271                    /lib/x86_64-linux-gnu/libm-2.21.so
7f21efa8c000-7f21efa8d000 rw-p 00107000 08:02 2623271                    /lib/x86_64-linux-gnu/libm-2.21.so
7f21efa8d000-7f21f0758000 r-xp 00000000 08:02 254016                     /usr/lib/jvm/java-8-oracle/jre/lib/amd64/server/libjvm.so
7f21f0758000-7f21f0957000 ---p 00ccb000 08:02 254016                     /usr/lib/jvm/java-8-oracle/jre/lib/amd64/server/libjvm.so
7f21f0957000-7f21f0a30000 rw-p 00cca000 08:02 254016                     /usr/lib/jvm/java-8-oracle/jre/lib/amd64/server/libjvm.so
7f21f0a30000-7f21f0a7b000 rw-p 00000000 00:00 0 
7f21f0a7b000-7f21f0c3b000 r-xp 00000000 08:02 2623433                    /lib/x86_64-linux-gnu/libc-2.21.so
7f21f0c3b000-7f21f0e3b000 ---p 001c0000 08:02 2623433                    /lib/x86_64-linux-gnu/libc-2.21.so
7f21f0e3b000-7f21f0e3f000 r--p 001c0000 08:02 2623433                    /lib/x86_64-linux-gnu/libc-2.21.so
7f21f0e3f000-7f21f0e41000 rw-p 001c4000 08:02 2623433                    /lib/x86_64-linux-gnu/libc-2.21.so
7f21f0e41000-7f21f0e45000 rw-p 00000000 00:00 0 
7f21f0e45000-7f21f0e48000 r-xp 00000000 08:02 2623420                    /lib/x86_64-linux-gnu/libdl-2.21.so
7f21f0e48000-7f21f1047000 ---p 00003000 08:02 2623420                    /lib/x86_64-linux-gnu/libdl-2.21.so
7f21f1047000-7f21f1048000 r--p 00002000 08:02 2623420                    /lib/x86_64-linux-gnu/libdl-2.21.so
7f21f1048000-7f21f1049000 rw-p 00003000 08:02 2623420                    /lib/x86_64-linux-gnu/libdl-2.21.so
7f21f1049000-7f21f105e000 r-xp 00000000 08:02 223773                     /usr/lib/jvm/java-8-oracle/lib/amd64/jli/libjli.so
7f21f105e000-7f21f125e000 ---p 00015000 08:02 223773                     /usr/lib/jvm/java-8-oracle/lib/amd64/jli/libjli.so
7f21f125e000-7f21f125f000 rw-p 00015000 08:02 223773                     /usr/lib/jvm/java-8-oracle/lib/amd64/jli/libjli.so
7f21f125f000-7f21f1277000 r-xp 00000000 08:02 2623413                    /lib/x86_64-linux-gnu/libpthread-2.21.so
7f21f1277000-7f21f1477000 ---p 00018000 08:02 2623413                    /lib/x86_64-linux-gnu/libpthread-2.21.so
7f21f1477000-7f21f1478000 r--p 00018000 08:02 2623413                    /lib/x86_64-linux-gnu/libpthread-2.21.so
7f21f1478000-7f21f1479000 rw-p 00019000 08:02 2623413                    /lib/x86_64-linux-gnu/libpthread-2.21.so
7f21f1479000-7f21f147d000 rw-p 00000000 00:00 0 
7f21f147d000-7f21f14a1000 r-xp 00000000 08:02 2623431                    /lib/x86_64-linux-gnu/ld-2.21.so
7f21f14a3000-7f21f157c000 rw-p 00000000 00:00 0 
7f21f157c000-7f21f157f000 ---p 00000000 00:00 0 
7f21f157f000-7f21f1681000 rw-p 00000000 00:00 0 
7f21f1684000-7f21f1685000 rw-p 00000000 00:00 0 
7f21f1685000-7f21f1694000 r--s 000df000 08:02 3924699                    /home/ankit/Documents/android-sdk-linux/build-tools/23.0.0/lib/dx.jar
7f21f1694000-7f21f169c000 rw-s 00000000 08:02 5031826                    /tmp/hsperfdata_ankit/5478
7f21f169c000-7f21f169d000 rw-p 00000000 00:00 0 
7f21f169d000-7f21f169e000 ---p 00000000 00:00 0 
7f21f169e000-7f21f16a0000 rw-p 00000000 00:00 0 
7f21f16a0000-7f21f16a1000 r--p 00023000 08:02 2623431                    /lib/x86_64-linux-gnu/ld-2.21.so
7f21f16a1000-7f21f16a2000 rw-p 00024000 08:02 2623431                    /lib/x86_64-linux-gnu/ld-2.21.so
7f21f16a2000-7f21f16a3000 rw-p 00000000 00:00 0 
7fffd7714000-7fffd7735000 rw-p 00000000 00:00 0                          [stack]
7fffd7738000-7fffd773a000 r--p 00000000 00:00 0                          [vvar]
7fffd773a000-7fffd773c000 r-xp 00000000 00:00 0                          [vdso]
ffffffffff600000-ffffffffff601000 r-xp 00000000 00:00 0                  [vsyscall]

VM Arguments:
jvm_args: -Djava.awt.headless=true -Xmx1024M -Dfile.encoding=UTF-8 -Duser.country=IN -Duser.language=en -Duser.variant 
java_command: com.android.dx.command.Main --dex --num-threads=4 --output /home/ankit/Desktop/Assign-Task/app/build/intermediates/pre-dexed/debug/com.android.support-appcompat-v7-23.4.0_f32a11e558b44bfebd96f31a427401c86c66b107.jar /home/ankit/Desktop/Assign-Task/app/build/intermediates/exploded-aar/com.android.support/appcompat-v7/23.4.0/jars/classes.jar
java_class_path (initial): /home/ankit/Documents/android-sdk-linux/build-tools/23.0.0/lib/dx.jar
Launcher Type: SUN_STANDARD

Environment Variables:
PATH=/usr/local/sbin:/usr/local/bin:/usr/sbin:/usr/bin:/sbin:/bin:/usr/games:/usr/local/games
LD_LIBRARY_PATH=Downloads/android-studio/bin:
SHELL=/bin/bash
DISPLAY=:0

Signal Handlers:
SIGSEGV: [libjvm.so+0xac4790], sa_mask[0]=11111111011111111101111111111110, sa_flags=SA_RESTART|SA_SIGINFO
SIGBUS: [libjvm.so+0xac4790], sa_mask[0]=11111111011111111101111111111110, sa_flags=SA_RESTART|SA_SIGINFO
SIGFPE: [libjvm.so+0x91f140], sa_mask[0]=11111111011111111101111111111110, sa_flags=SA_RESTART|SA_SIGINFO
SIGPIPE: [libjvm.so+0x91f140], sa_mask[0]=11111111011111111101111111111110, sa_flags=SA_RESTART|SA_SIGINFO
SIGXFSZ: [libjvm.so+0x91f140], sa_mask[0]=11111111011111111101111111111110, sa_flags=SA_RESTART|SA_SIGINFO
SIGILL: [libjvm.so+0x91f140], sa_mask[0]=11111111011111111101111111111110, sa_flags=SA_RESTART|SA_SIGINFO
SIGUSR1: SIG_DFL, sa_mask[0]=00000000000000000000000000000000, sa_flags=none
SIGUSR2: [libjvm.so+0x920770], sa_mask[0]=00100000000000000000000000000000, sa_flags=SA_RESTART|SA_SIGINFO
SIGHUP: [libjvm.so+0x921b70], sa_mask[0]=11111111011111111101111111111110, sa_flags=SA_RESTART|SA_SIGINFO
SIGINT: [libjvm.so+0x921b70], sa_mask[0]=11111111011111111101111111111110, sa_flags=SA_RESTART|SA_SIGINFO
SIGTERM: [libjvm.so+0x921b70], sa_mask[0]=11111111011111111101111111111110, sa_flags=SA_RESTART|SA_SIGINFO
SIGQUIT: [libjvm.so+0x921b70], sa_mask[0]=11111111011111111101111111111110, sa_flags=SA_RESTART|SA_SIGINFO


---------------  S Y S T E M  ---------------

OS:DISTRIB_ID=Ubuntu
DISTRIB_RELEASE=15.10
DISTRIB_CODENAME=wily
DISTRIB_DESCRIPTION="Ubuntu 15.10"

uname:Linux 4.2.0-42-generic #49-Ubuntu SMP Tue Jun 28 21:26:26 UTC 2016 x86_64
libc:glibc 2.21 NPTL 2.21 
rlimit: STACK 8192k, CORE 0k, NPROC 31537, NOFILE 65536, AS infinity
load average:11.95 3.44 1.50

/proc/meminfo:
MemTotal:        8110256 kB
MemFree:          122028 kB
MemAvailable:      73748 kB
Buffers:             504 kB
Cached:           650316 kB
SwapCached:            0 kB
Active:          7123208 kB
Inactive:         610788 kB
Active(anon):    7120120 kB
Inactive(anon):   595800 kB
Active(file):       3088 kB
Inactive(file):    14988 kB
Unevictable:         128 kB
Mlocked:             128 kB
SwapTotal:             0 kB
SwapFree:              0 kB
Dirty:               116 kB
Writeback:             0 kB
AnonPages:       7083460 kB
Mapped:           347016 kB
Shmem:            632588 kB
Slab:             109368 kB
SReclaimable:      54300 kB
SUnreclaim:        55068 kB
KernelStack:       15232 kB
PageTables:        76052 kB
NFS_Unstable:          0 kB
Bounce:                0 kB
WritebackTmp:          0 kB
CommitLimit:     4055128 kB
Committed_AS:   17169516 kB
VmallocTotal:   34359738367 kB
VmallocUsed:      552032 kB
VmallocChunk:   34358423548 kB
HardwareCorrupted:     0 kB
AnonHugePages:   3520512 kB
CmaTotal:              0 kB
CmaFree:               0 kB
HugePages_Total:       0
HugePages_Free:        0
HugePages_Rsvd:        0
HugePages_Surp:        0
Hugepagesize:       2048 kB
DirectMap4k:      250560 kB
DirectMap2M:     8073216 kB
DirectMap1G:     1048576 kB


CPU:total 4 (2 cores per cpu, 2 threads per core) family 6 model 69 stepping 1, cmov, cx8, fxsr, mmx, sse, sse2, sse3, ssse3, sse4.1, sse4.2, popcnt, avx, avx2, aes, clmul, erms, lzcnt, ht, tsc, tscinvbit, bmi1, bmi2

/proc/cpuinfo:
processor	: 0
vendor_id	: GenuineIntel
cpu family	: 6
model		: 69
model name	: Intel(R) Core(TM) i3-4005U CPU @ 1.70GHz
stepping	: 1
microcode	: 0x1c
cpu MHz		: 931.082
cache size	: 3072 KB
physical id	: 0
siblings	: 4
core id		: 0
cpu cores	: 2
apicid		: 0
initial apicid	: 0
fpu		: yes
fpu_exception	: yes
cpuid level	: 13
wp		: yes
flags		: fpu vme de pse tsc msr pae mce cx8 apic sep mtrr pge mca cmov pat pse36 clflush dts acpi mmx fxsr sse sse2 ss ht tm pbe syscall nx pdpe1gb rdtscp lm constant_tsc arch_perfmon pebs bts rep_good nopl xtopology nonstop_tsc aperfmperf eagerfpu pni pclmulqdq dtes64 monitor ds_cpl vmx est tm2 ssse3 fma cx16 xtpr pdcm pcid sse4_1 sse4_2 movbe popcnt tsc_deadline_timer aes xsave avx f16c rdrand lahf_lm abm ida arat epb pln pts dtherm tpr_shadow vnmi flexpriority ept vpid fsgsbase tsc_adjust bmi1 avx2 smep bmi2 erms invpcid xsaveopt
bugs		:
bogomips	: 3392.02
clflush size	: 64
cache_alignment	: 64
address sizes	: 39 bits physical, 48 bits virtual
power management:

processor	: 1
vendor_id	: GenuineIntel
cpu family	: 6
model		: 69
model name	: Intel(R) Core(TM) i3-4005U CPU @ 1.70GHz
stepping	: 1
microcode	: 0x1c
cpu MHz		: 989.917
cache size	: 3072 KB
physical id	: 0
siblings	: 4
core id		: 0
cpu cores	: 2
apicid		: 1
initial apicid	: 1
fpu		: yes
fpu_exception	: yes
cpuid level	: 13
wp		: yes
flags		: fpu vme de pse tsc msr pae mce cx8 apic sep mtrr pge mca cmov pat pse36 clflush dts acpi mmx fxsr sse sse2 ss ht tm pbe syscall nx pdpe1gb rdtscp lm constant_tsc arch_perfmon pebs bts rep_good nopl xtopology nonstop_tsc aperfmperf eagerfpu pni pclmulqdq dtes64 monitor ds_cpl vmx est tm2 ssse3 fma cx16 xtpr pdcm pcid sse4_1 sse4_2 movbe popcnt tsc_deadline_timer aes xsave avx f16c rdrand lahf_lm abm ida arat epb pln pts dtherm tpr_shadow vnmi flexpriority ept vpid fsgsbase tsc_adjust bmi1 avx2 smep bmi2 erms invpcid xsaveopt
bugs		:
bogomips	: 3392.02
clflush size	: 64
cache_alignment	: 64
address sizes	: 39 bits physical, 48 bits virtual
power management:

processor	: 2
vendor_id	: GenuineIntel
cpu family	: 6
model		: 69
model name	: Intel(R) Core(TM) i3-4005U CPU @ 1.70GHz
stepping	: 1
microcode	: 0x1c
cpu MHz		: 802.187
cache size	: 3072 KB
physical id	: 0
siblings	: 4
core id		: 1
cpu cores	: 2
apicid		: 2
initial apicid	: 2
fpu		: yes
fpu_exception	: yes
cpuid level	: 13
wp		: yes
flags		: fpu vme de pse tsc msr pae mce cx8 apic sep mtrr pge mca cmov pat pse36 clflush dts acpi mmx fxsr sse sse2 ss ht tm pbe syscall nx pdpe1gb rdtscp lm constant_tsc arch_perfmon pebs bts rep_good nopl xtopology nonstop_tsc aperfmperf eagerfpu pni pclmulqdq dtes64 monitor ds_cpl vmx est tm2 ssse3 fma cx16 xtpr pdcm pcid sse4_1 sse4_2 movbe popcnt tsc_deadline_timer aes xsave avx f16c rdrand lahf_lm abm ida arat epb pln pts dtherm tpr_shadow vnmi flexpriority ept vpid fsgsbase tsc_adjust bmi1 avx2 smep bmi2 erms invpcid xsaveopt
bugs		:
bogomips	: 3392.02
clflush size	: 64
cache_alignment	: 64
address sizes	: 39 bits physical, 48 bits virtual
power management:

processor	: 3
vendor_id	: GenuineIntel
cpu family	: 6
model		: 69
model name	: Intel(R) Core(TM) i3-4005U CPU @ 1.70GHz
stepping	: 1
microcode	: 0x1c
cpu MHz		: 936.527
cache size	: 3072 KB
physical id	: 0
siblings	: 4
core id		: 1
cpu cores	: 2
apicid		: 3
initial apicid	: 3
fpu		: yes
fpu_exception	: yes
cpuid level	: 13
wp		: yes
flags		: fpu vme de pse tsc msr pae mce cx8 apic sep mtrr pge mca cmov pat pse36 clflush dts acpi mmx fxsr sse sse2 ss ht tm pbe syscall nx pdpe1gb rdtscp lm constant_tsc arch_perfmon pebs bts rep_good nopl xtopology nonstop_tsc aperfmperf eagerfpu pni pclmulqdq dtes64 monitor ds_cpl vmx est tm2 ssse3 fma cx16 xtpr pdcm pcid sse4_1 sse4_2 movbe popcnt tsc_deadline_timer aes xsave avx f16c rdrand lahf_lm abm ida arat epb pln pts dtherm tpr_shadow vnmi flexpriority ept vpid fsgsbase tsc_adjust bmi1 avx2 smep bmi2 erms invpcid xsaveopt
bugs		:
bogomips	: 3392.02
clflush size	: 64
cache_alignment	: 64
address sizes	: 39 bits physical, 48 bits virtual
power management:



Memory: 4k page, physical 8110256k(122028k free), swap 0k(0k free)

vm_info: Java HotSpot(TM) 64-Bit Server VM (25.101-b13) for linux-amd64 JRE (1.8.0_101-b13), built on Jun 22 2016 02:59:44 by "java_re" with gcc 4.3.0 20080428 (Red Hat 4.3.0-8)

time: Wed Sep 21 23:41:32 2016
elapsed time: 29 seconds (0d 0h 0m 29s)

